[09/04/2026 20:43] Error: can't find schedule at index 123
[09/04/2026 20:43] Error: can't find schedule at index 123
[09/04/2026 20:43] Error: can't find schedule at index 6
[09/04/2026 20:43] Error: can't find schedule at index 5
[09/04/2026 20:43] Error: can't find schedule at index 4
[09/04/2026 20:44] Schedule at index 1 deleted
[09/04/2026 20:44] Error: can't find schedule at index 1
[09/04/2026 20:44] Error: can't find schedule at index 1
[09/04/2026 20:44] Error: can't find backup_schedules.txt
[09/04/2026 20:44] Error: can't find backup_schedules.txt
[09/04/2026 20:44] New schedule added: dsf;03:12;adsq
[09/04/2026 20:44] New schedule added: dsf;03:12;adsq
[09/04/2026 20:44] New schedule added: dsf;03:12;adsq
[09/04/2026 20:44] Schedule at index 1 deleted
[09/04/2026 20:44] Schedule at index 1 deleted
[09/04/2026 20:44] Error: can't find schedule at index 1
[09/04/2026 20:44] Error: can't find schedule at index 1
[09/04/2026 20:45] Show schedules list
[09/04/2026 20:45] Schedule at index 0 deleted
[09/04/2026 20:45] Error: can't find schedule at index 0
[09/04/2026 20:45] Error: can't find schedule at index 0
